<?xml version="1.0" encoding="UTF-8"?>
<!-- Generated by org.testng.reporters.JUnitXMLReporter -->
<testsuite hostname="DESKTOP-9R8S1OK" ignored="0" name="Test" tests="7" failures="0" timestamp="15 May 2018 12:13:10 GMT" time="156.2" errors="0">
  <testcase name="@BeforeMethod launchBrowser" time="22.31" classname="library.BaseTest">
    <failure type="org.openqa.selenium.WebDriverException" message="Timed out waiting for driver server to start.
Build info: version: &amp;apos;3.12.0&amp;apos;, revision: &amp;apos;7c6e0b3&amp;apos;, time: &amp;apos;2018-05-08T15:15:08.936Z&amp;apos;
System info: host: &amp;apos;DESKTOP-9R8S1OK&amp;apos;, ip: &amp;apos;192.168.43.89&amp;apos;, os.name: &amp;apos;Windows 10&amp;apos;, os.arch: &amp;apos;amd64&amp;apos;, os.version: &amp;apos;10.0&amp;apos;, java.version: &amp;apos;1.8.0_172&amp;apos;
Driver info: driver.version: ChromeDriver">
      <![CDATA[org.openqa.selenium.WebDriverException: Timed out waiting for driver server to start.
Build info: version: '3.12.0', revision: '7c6e0b3', time: '2018-05-08T15:15:08.936Z'
System info: host: 'DESKTOP-9R8S1OK', ip: '192.168.43.89', os.name: 'Windows 10', os.arch: 'amd64', os.version: '10.0', java.version: '1.8.0_172'
Driver info: driver.version: ChromeDriver
at org.openqa.selenium.remote.service.DriverService.waitUntilAvailable(DriverService.java:192)
at org.openqa.selenium.remote.service.DriverService.start(DriverService.java:178)
at org.openqa.selenium.remote.service.DriverCommandExecutor.execute(DriverCommandExecutor.java:79)
at org.openqa.selenium.remote.RemoteWebDriver.execute(RemoteWebDriver.java:543)
at org.openqa.selenium.remote.RemoteWebDriver.startSession(RemoteWebDriver.java:207)
at org.openqa.selenium.remote.RemoteWebDriver.<init>(RemoteWebDriver.java:130)
at org.openqa.selenium.chrome.ChromeDriver.<init>(ChromeDriver.java:181)
at org.openqa.selenium.chrome.ChromeDriver.<init>(ChromeDriver.java:168)
at org.openqa.selenium.chrome.ChromeDriver.<init>(ChromeDriver.java:123)
at library.BaseTest.launchBrowser(BaseTest.java:13)
Caused by: org.openqa.selenium.net.UrlChecker$TimeoutException: Timed out waiting for [http://localhost:3741/status] to be available after 20089 ms
at org.openqa.selenium.net.UrlChecker.waitUntilAvailable(UrlChecker.java:100)
at org.openqa.selenium.remote.service.DriverService.waitUntilAvailable(DriverService.java:187)
... 37 more
Caused by: java.util.concurrent.TimeoutException
at java.util.concurrent.FutureTask.get(FutureTask.java:205)
at com.google.common.util.concurrent.SimpleTimeLimiter.callWithTimeout(SimpleTimeLimiter.java:148)
at org.openqa.selenium.net.UrlChecker.waitUntilAvailable(UrlChecker.java:75)
... 38 more
... Removed 28 stack frames]]>
    </failure>
  </testcase> <!-- @BeforeMethod launchBrowser -->
  <testcase name="@AfterMethod closeBrowser" time="0.0" classname="library.BaseTest">
    <failure type="java.lang.NullPointerException">
      <![CDATA[java.lang.NullPointerException
at library.BaseTest.closeBrowser(BaseTest.java:19)
... Removed 28 stack frames]]>
    </failure>
  </testcase> <!-- @AfterMethod closeBrowser -->
  <testcase name="ValidLoginLogout" time="0.0" classname="testScripts.Test1">
    <skipped/>
  </testcase> <!-- ValidLoginLogout -->
  <testcase name="ValidLogInvalidLogout" time="0.0" classname="testScripts.Test2">
    <skipped/>
  </testcase> <!-- ValidLogInvalidLogout -->
  <testcase name="InvalidLogInvalidLogout" time="0.0" classname="testScripts.Test2">
    <skipped/>
  </testcase> <!-- InvalidLogInvalidLogout -->
  <testcase name="testvalidunEmptypw" time="0.0" classname="testScripts.Test2">
    <skipped/>
  </testcase> <!-- testvalidunEmptypw -->
  <testcase name="testEmptyunValidpw" time="0.0" classname="testScripts.Test2">
    <skipped/>
  </testcase> <!-- testEmptyunValidpw -->
  <testcase name="testEmptyunEmptypw" time="0.0" classname="testScripts.Test2">
    <skipped/>
  </testcase> <!-- testEmptyunEmptypw -->
  <testcase name="InvalidLogValidLogout" time="0.0" classname="testScripts.Test2">
    <skipped/>
  </testcase> <!-- InvalidLogValidLogout -->
</testsuite> <!-- Test -->
